[15:36:46] Moon_cerf (uuid: 922c3b33-0056-3f6b-b692-31dfe314f25c): g
[16:04:14] Moon_cerf (uuid: 922c3b33-0056-3f6b-b692-31dfe314f25c): g
[17:36:41] Moon_cerf (uuid: 922c3b33-0056-3f6b-b692-31dfe314f25c): чек
[17:36:41] RICE_ee (uuid: 5484bb8f-96f7-3daa-8c6c-259c5ccf684e): я не понял
[17:36:43] RICE_ee (uuid: 5484bb8f-96f7-3daa-8c6c-259c5ccf684e): откуда
[17:36:44] RICE_ee (uuid: 5484bb8f-96f7-3daa-8c6c-259c5ccf684e): моя
[17:36:45] RICE_ee (uuid: 5484bb8f-96f7-3daa-8c6c-259c5ccf684e): сббрка
[17:36:47] RICE_ee (uuid: 5484bb8f-96f7-3daa-8c6c-259c5ccf684e): иди
[17:36:51] RICE_ee (uuid: 5484bb8f-96f7-3daa-8c6c-259c5ccf684e): наxуй
[17:36:55] Moon_cerf (uuid: 922c3b33-0056-3f6b-b692-31dfe314f25c): ок
[17:36:56] Moon_cerf (uuid: 922c3b33-0056-3f6b-b692-31dfe314f25c): bb
[17:36:58] RICE_ee (uuid: 5484bb8f-96f7-3daa-8c6c-259c5ccf684e): о
[17:36:59] RICE_ee (uuid: 5484bb8f-96f7-3daa-8c6c-259c5ccf684e): а
[17:37:00] RICE_ee (uuid: 5484bb8f-96f7-3daa-8c6c-259c5ccf684e): э
[17:37:01] RICE_ee (uuid: 5484bb8f-96f7-3daa-8c6c-259c5ccf684e): стой
[17:37:03] RICE_ee (uuid: 5484bb8f-96f7-3daa-8c6c-259c5ccf684e): ладно
[17:37:05] RICE_ee (uuid: 5484bb8f-96f7-3daa-8c6c-259c5ccf684e): просто
[17:37:14] RICE_ee (uuid: 5484bb8f-96f7-3daa-8c6c-259c5ccf684e): зачем выкачал?
[17:37:21] Moon_cerf (uuid: 922c3b33-0056-3f6b-b692-31dfe314f25c): я ее не выкачивал
[17:37:28] Moon_cerf (uuid: 922c3b33-0056-3f6b-b692-31dfe314f25c): мне ее кодеир скинул еще до снятия
[17:37:31] RICE_ee (uuid: 5484bb8f-96f7-3daa-8c6c-259c5ccf684e): ладно
[17:37:35] RICE_ee (uuid: 5484bb8f-96f7-3daa-8c6c-259c5ccf684e): вот это уберём
[17:37:38] Moon_cerf (uuid: 922c3b33-0056-3f6b-b692-31dfe314f25c): не
[17:37:42] RICE_ee (uuid: 5484bb8f-96f7-3daa-8c6c-259c5ccf684e): зачем оно
[17:37:45] RICE_ee (uuid: 5484bb8f-96f7-3daa-8c6c-259c5ccf684e): ну некрасиво
[17:37:47] Moon_cerf (uuid: 922c3b33-0056-3f6b-b692-31dfe314f25c): для информации
[17:37:52] Moon_cerf (uuid: 922c3b33-0056-3f6b-b692-31dfe314f25c): пусть будет
[17:37:56] Moon_cerf (uuid: 922c3b33-0056-3f6b-b692-31dfe314f25c): чек
[17:37:57] Moon_cerf (uuid: 922c3b33-0056-3f6b-b692-31dfe314f25c): чек
[17:38:00] RICE_ee (uuid: 5484bb8f-96f7-3daa-8c6c-259c5ccf684e): гриф
[17:38:03] RICE_ee (uuid: 5484bb8f-96f7-3daa-8c6c-259c5ccf684e): просто гриф
[17:38:05] Moon_cerf (uuid: 922c3b33-0056-3f6b-b692-31dfe314f25c): какой гриф..
[17:38:14] Moon_cerf (uuid: 922c3b33-0056-3f6b-b692-31dfe314f25c): квесты я новые буду делать
[17:38:19] Moon_cerf (uuid: 922c3b33-0056-3f6b-b692-31dfe314f25c): ломай
[17:38:27] Moon_cerf (uuid: 922c3b33-0056-3f6b-b692-31dfe314f25c): ломай
[17:38:39] RICE_ee (uuid: 5484bb8f-96f7-3daa-8c6c-259c5ccf684e): гриф
[17:38:43] Moon_cerf (uuid: 922c3b33-0056-3f6b-b692-31dfe314f25c): КАКОЙ ГРИФ
[17:39:16] Moon_cerf (uuid: 922c3b33-0056-3f6b-b692-31dfe314f25c): если что ты сам согласился на это
