[16:20:11] Flexer2288 (uuid: 19e9d9e1-1d9e-3e67-b17a-0c7cd2bf92e6): t
[16:24:15] Flexer2288 (uuid: 19e9d9e1-1d9e-3e67-b17a-0c7cd2bf92e6): tt
[16:24:57] Flexer2288 (uuid: 19e9d9e1-1d9e-3e67-b17a-0c7cd2bf92e6): w
[16:29:05] Flexer2288 (uuid: 19e9d9e1-1d9e-3e67-b17a-0c7cd2bf92e6): gg
[16:29:07] Flexer2288 (uuid: 19e9d9e1-1d9e-3e67-b17a-0c7cd2bf92e6): t
[16:29:10] Flexer2288 (uuid: 19e9d9e1-1d9e-3e67-b17a-0c7cd2bf92e6): t
[17:19:51] Flexer2288 (uuid: 19e9d9e1-1d9e-3e67-b17a-0c7cd2bf92e6): slot: type: NONE_SLOT item: material: purple_stained_glass_pane name: "§x§7§7§0§0§f§bC§x§8§4§1§3§f§4ʏ§x§9§2§2§5§e§eʙ§x§9§f§3§8§e§7ᴇ§x§a§d§4§a§e§1ʀ§x§b§a§5§d§d§aS§x§c§7§6§f§d§3ᴘ§x§d§5§8§2§c§dᴀ§x§e§2§9§4§c§6ᴄ§x§f§0§a§7§c§0ᴇ§x§f§d§b§9§b§9X"
[20:00:24] Flexer2288 (uuid: 19e9d9e1-1d9e-3e67-b17a-0c7cd2bf92e6): униᴋᴀᴧьныᴇ
[20:00:30] Flexer2288 (uuid: 19e9d9e1-1d9e-3e67-b17a-0c7cd2bf92e6): уникальные
[20:01:26] Flexer2288 (uuid: 19e9d9e1-1d9e-3e67-b17a-0c7cd2bf92e6): оᴄᴋоᴧᴋи
[20:01:45] Flexer2288 (uuid: 19e9d9e1-1d9e-3e67-b17a-0c7cd2bf92e6): осколки
[21:21:16] Flexer2288 (uuid: 19e9d9e1-1d9e-3e67-b17a-0c7cd2bf92e6): ИʜȹᴏᴘMᴀция бᴏᴇʙᴏгᴏ пᴘᴏпʏᴄᴋᴀ
[21:21:30] Flexer2288 (uuid: 19e9d9e1-1d9e-3e67-b17a-0c7cd2bf92e6): Иʜфᴏᴘмᴀция бᴏᴇʙᴏгᴏ пᴘᴏпʏᴄᴋᴀ
[21:30:51] Flexer2288 (uuid: 19e9d9e1-1d9e-3e67-b17a-0c7cd2bf92e6): §x§6§6§0§0§d§6И§x§7§7§1§5§d§3ʜ§x§8§8§2§9§d§0ф§x§9§8§3§e§c§cᴏ§x§a§9§5§2§c§9ᴘ§x§b§a§6§7§c§6м§x§c§b§7§b§c§3ᴀ§x§d§b§9§0§b§fц§x§e§c§a§4§b§cи§x§f§d§b§9§b§9я
[21:31:11] Flexer2288 (uuid: 19e9d9e1-1d9e-3e67-b17a-0c7cd2bf92e6): t
[21:31:31] Flexer2288 (uuid: 19e9d9e1-1d9e-3e67-b17a-0c7cd2bf92e6): t
[21:32:45] Flexer2288 (uuid: 19e9d9e1-1d9e-3e67-b17a-0c7cd2bf92e6): t
[21:32:59] Flexer2288 (uuid: 19e9d9e1-1d9e-3e67-b17a-0c7cd2bf92e6): t
[21:33:01] Flexer2288 (uuid: 19e9d9e1-1d9e-3e67-b17a-0c7cd2bf92e6): tt
[21:35:53] Flexer2288 (uuid: 19e9d9e1-1d9e-3e67-b17a-0c7cd2bf92e6): t
[21:36:29] Flexer2288 (uuid: 19e9d9e1-1d9e-3e67-b17a-0c7cd2bf92e6): t
[21:36:44] Flexer2288 (uuid: 19e9d9e1-1d9e-3e67-b17a-0c7cd2bf92e6): Pluton
