[2023-06-06 20:39:23] makaron666 (uuid: 046985e3-d0e9-3a08-9570-66f8ea8f2997): tex.admin
[2023-06-06 20:39:25] makaron666 (uuid: 046985e3-d0e9-3a08-9570-66f8ea8f2997): tex.admin
[2023-06-07 18:28:02] KanekiKen_kyn (uuid: bcbfde0c-1c46-3bb6-952d-1c207a301bcb): !Открылся сервер, копия фантайма с мистиками и бесплатным донатом /free, ip flytimes.ploudos.me новая сборка новый спавн!!
[2023-06-09 08:01:46] zxcqsta666 (uuid: d8d3276d-98d2-3cef-b765-25a07afe726b): !bo. nbvtqnf gbcfnm d kc
[2023-06-09 10:31:33] Dasha93528 (uuid: 599a8ae7-f779-39d5-846f-93f995c488c2): ! tzar62. Chump_Vanget и wetrr
[2023-06-09 11:27:40] ca304 (uuid: f849e760-ffe8-3703-a2be-049427e1b4a2): https://discord.gg/fXQ7XeNVuG
[2023-06-09 11:27:57] ca304 (uuid: f849e760-ffe8-3703-a2be-049427e1b4a2): https://discord.gg/fXQ7XeNVuG
[2023-06-10 03:08:20] katanawxg (uuid: 5e402ba2-7292-349c-9b3b-87293d3cc88c): !https://lightleak.pro/resources/novoe-jadro-velocity-samaja-luchshaja-zaschita-kapcha-na-kartinke-0-botov.2642/
[2023-06-10 03:28:08] katanawxg (uuid: 5e402ba2-7292-349c-9b3b-87293d3cc88c): delton.cloud
[2023-06-10 10:07:22] Kira_Lera (uuid: af4aefb5-69c2-360b-b190-183373888f63): https://www.youtube.com/watch?v=sLHrEG1JOA
[2023-06-10 10:07:25] Kira_Lera (uuid: af4aefb5-69c2-360b-b190-183373888f63): ! https://www.youtube.com/watch?v=sLHrEG1JOAE
[2023-06-10 15:09:49] TimPro13 (uuid: bde08b65-6e7d-3057-b22f-acb79845890f): ! Fishecks783 . Mistiknort . lexa00 парни бан захотели за о10?
[2023-06-11 16:21:54] TimPro13 (uuid: bde08b65-6e7d-3057-b22f-acb79845890f): ! wetrr . p0vka . tzar62 . dvloper отлететь захотели?
[2023-06-11 16:22:10] TimPro13 (uuid: bde08b65-6e7d-3057-b22f-acb79845890f): ! wetrr . p0vka . tzar62 . koden отлететь захотели?
[2023-06-11 18:16:28] MrRuslan2017 (uuid: a28eb408-8246-36d2-8e41-a2a0b336a3bc): !серв х у й н я (рекомендую мой проект goodworld.ru топ спавн топ арена и т.д аиры, грузы, жесткая смерть (сегодня будет раздача 10000 настоящих рублей просто играйтье на проекте goodworld.ru заходи получи 10к рублей в 20:00 Обратитесь в вк Гасанов Илкин
[2023-06-11 18:17:14] MrRuslan2017 (uuid: a28eb408-8246-36d2-8e41-a2a0b336a3bc): !серв х у й н я рекомендую мой проект goodworld.ru топ спавн топ арена и т.д аиры, грузы, жесткая смерть сегодня будет раздача 10000 настоящих рублей просто играйтье на проекте goodworld.ru заходи получи 10к рублей в 20:00 Обратитесь в вк Гасанов Илкин
[2023-06-11 18:17:16] MrRuslan2017 (uuid: a28eb408-8246-36d2-8e41-a2a0b336a3bc): !серв х у й н я рекомендую мой проект goodworld.ru топ спавн топ арена и т.д аиры, грузы, жесткая смерть сегодня будет раздача 10000 настоящих рублей просто играйтье на проекте goodworld.ru заходи получи 10к рублей в 20:00 Обратитесь в вк Гасанов Илкин
[2023-06-11 18:17:36] MrRuslan2017 (uuid: a28eb408-8246-36d2-8e41-a2a0b336a3bc): рекомендую мой проект goodworld.ru топ спавн топ арена и т.д аиры, грузы, жесткая смерть сегодня будет раздача 10000 настоящих рублей просто играйтье на проекте goodworld.ru заходи получи 10к рублей в 20:00 Обратитесь в вк Гасанов Илкин
[2023-06-12 10:11:03] weer00 (uuid: edd1b8b2-a662-34f5-86c6-31f270e6732d): lf yf[ vyt ,hjy. kjvfnm uj ;bvre
[2023-11-17 23:35:13] Flexer2288 (uuid: 19e9d9e1-1d9e-3e67-b17a-0c7cd2bf92e6): x6600d6gx6f0bd4ox7816d3.x8121d1cx8a2ccfyx9236cdbx9b41ccexa44ccarxad57c8sxb662c7pxbf6dc5axc878c3cxd183c2exd98dc0xxe298be.xeba3bcfxf4aebbuxfdb9b9n
[2023-11-17 23:35:15] Flexer2288 (uuid: 19e9d9e1-1d9e-3e67-b17a-0c7cd2bf92e6): !x6600d6gx6f0bd4ox7816d3.x8121d1cx8a2ccfyx9236cdbx9b41ccexa44ccarxad57c8sxb662c7pxbf6dc5axc878c3cxd183c2exd98dc0xxe298be.xeba3bcfxf4aebbuxfdb9b9n
